DEBUG:root:THIS IS THE PATH : /home/ottersome/project/dashTerm
DEBUG:urllib3.connectionpool:Starting new HTTPS connection (1): accounts.spotify.com
DEBUG:urllib3.connectionpool:https://accounts.spotify.com:443 "POST /api/token HTTP/1.1" 200 None
INFO:root:Initializing Screens...
DEBUG:root:We are here niggas
DEBUG:urllib3.connectionpool:Starting new HTTPS connection (1): api.spotify.com
WARNING:googleapiclient.discovery_cache:file_cache is unavailable when using oauth2client >= 4.0.0
Traceback (most recent call last):
  File "/usr/lib/python3.6/site-packages/googleapiclient/discovery_cache/__init__.py", line 36, in autodetect
    from google.appengine.api import memcache
ModuleNotFoundError: No module named 'google'

During handling of the above exception, another exception occurred:

Traceback (most recent call last):
  File "/usr/lib/python3.6/site-packages/googleapiclient/discovery_cache/file_cache.py", line 33, in <module>
    from oauth2client.contrib.locked_file import LockedFile
ModuleNotFoundError: No module named 'oauth2client.contrib.locked_file'

During handling of the above exception, another exception occurred:

Traceback (most recent call last):
  File "/usr/lib/python3.6/site-packages/googleapiclient/discovery_cache/file_cache.py", line 37, in <module>
    from oauth2client.locked_file import LockedFile
ModuleNotFoundError: No module named 'oauth2client.locked_file'

During handling of the above exception, another exception occurred:

Traceback (most recent call last):
  File "/usr/lib/python3.6/site-packages/googleapiclient/discovery_cache/__init__.py", line 41, in autodetect
    from . import file_cache
  File "/usr/lib/python3.6/site-packages/googleapiclient/discovery_cache/file_cache.py", line 41, in <module>
    'file_cache is unavailable when using oauth2client >= 4.0.0')
ImportError: file_cache is unavailable when using oauth2client >= 4.0.0
INFO:googleapiclient.discovery:URL being requested: GET https://www.googleapis.com/discovery/v1/apis/gmail/v1/rest
INFO:googleapiclient.discovery:URL being requested: GET https://www.googleapis.com/gmail/v1/users/luisgarcia26284%40gmail.com/messages?q=in%3Ainbox+is%3Aunread+-category%3A%28promotions+OR+social%29&maxResults=8&alt=json
DEBUG:urllib3.connectionpool:https://api.spotify.com:443 "GET /v1/me/top/artists?time_range=short_term&limit=5&offset=0 HTTP/1.1" 200 1275
DEBUG:urllib3.connectionpool:Starting new HTTPS connection (1): api.spotify.com
INFO:googleapiclient.discovery:URL being requested: GET https://www.googleapis.com/gmail/v1/users/luisgarcia26284%40gmail.com/messages/16102d2f0dae09b0?format=full&alt=json
INFO:root:Saving in cache with pos : 1
DEBUG:root:NUM YO : 0
INFO:googleapiclient.discovery:URL being requested: GET https://www.googleapis.com/gmail/v1/users/luisgarcia26284%40gmail.com/messages/160f787834419411?format=full&alt=json
INFO:root:Saving in cache with pos : 1
DEBUG:root:NUM YO : 1
INFO:googleapiclient.discovery:URL being requested: GET https://www.googleapis.com/gmail/v1/users/luisgarcia26284%40gmail.com/messages/160f60cee00a8ea3?format=full&alt=json
INFO:root:Saving in cache with pos : 1
DEBUG:root:NUM YO : 2
INFO:googleapiclient.discovery:URL being requested: GET https://www.googleapis.com/gmail/v1/users/luisgarcia26284%40gmail.com/messages/160f165a4de0180f?format=full&alt=json
INFO:root:Saving in cache with pos : 1
DEBUG:root:NUM YO : 3
INFO:googleapiclient.discovery:URL being requested: GET https://www.googleapis.com/gmail/v1/users/luisgarcia26284%40gmail.com/messages/160f072ac083cd53?format=full&alt=json
DEBUG:urllib3.connectionpool:https://api.spotify.com:443 "GET /v1/recommendations?seed_artists=1Mxqyy3pSjf8kZZL4QVxS0,0fTav4sBLmYOAzKuJw0grL,2wY79sveU1sp5g7SokKOiI,1uiEZYehlNivdK3iQyAbye,4Lm0pUvmisUHMdoky5ch2I&limit=10 HTTP/1.1" 200 4200
DEBUG:root:ADDING MESSAGE
DEBUG:root:NUM YO : 0
DEBUG:root:ADDING MESSAGE
DEBUG:root:NUM YO : 1
DEBUG:root:ADDING MESSAGE
DEBUG:root:NUM YO : 2
DEBUG:root:ADDING MESSAGE
DEBUG:root:NUM YO : 3
DEBUG:root:ADDING MESSAGE
DEBUG:root:NUM YO : 4
DEBUG:root:ADDING MESSAGE
DEBUG:root:NUM YO : 5
DEBUG:root:ADDING MESSAGE
DEBUG:root:NUM YO : 6
DEBUG:root:ADDING MESSAGE
DEBUG:root:NUM YO : 7
DEBUG:root:ADDING MESSAGE
DEBUG:root:NUM YO : 8
DEBUG:root:ADDING MESSAGE
DEBUG:root:NUM YO : 9
ERROR:root:ADD MESSAGE ERROR : addwstr() returned ERR
INFO:root:Saving in cache with pos : 3
INFO:root:Retrieving tweets about artists...
INFO:root:Retrieving news about artists...
INFO:root:Checking Tweets for : Frank Sinatra
INFO:root:Tweet entries : 0/7
INFO:root:Saving in cache with pos : 1
DEBUG:root:NUM YO : 4
INFO:googleapiclient.discovery:URL being requested: GET https://www.googleapis.com/gmail/v1/users/luisgarcia26284%40gmail.com/messages/160ed20f32838f5b?format=full&alt=json
INFO:root:Saving in cache with pos : 1
DEBUG:root:NUM YO : 5
INFO:googleapiclient.discovery:URL being requested: GET https://www.googleapis.com/gmail/v1/users/luisgarcia26284%40gmail.com/messages/160ec11c09995a80?format=full&alt=json
INFO:root:Saving in cache with pos : 1
DEBUG:root:NUM YO : 6
INFO:googleapiclient.discovery:URL being requested: GET https://www.googleapis.com/gmail/v1/users/luisgarcia26284%40gmail.com/messages/160ea7fee1a0a8ff?format=full&alt=json
INFO:root:Saving in cache with pos : 1
DEBUG:root:NUM YO : 7
DEBUG:root:FINAL FURL : https://twitter.com/search?q=Frank+Sinatra&src=typd
INFO:root:Saving in cache with pos : 2
DEBUG:root:NEWSO : 
Artist : Frank Sinatra
News : 
Singer Frank Sinatra on stage during his 1974 tour of Australia. Having braved a not-so-warm welcome in Sydney, he headed to Melbourne for his first shows and was pursued by male and female reporters itching for an interview. When he took the stage that night at Festival Hall for his first Australia show, ...
DEBUG:root:NUM YO : 0
INFO:root:Saving in cache with pos : 2
DEBUG:root:NEWSO : 
Artist : Mac Ayres
News : 
Unpretentious blue-eyed soul centered around mom's minivan, Drive Slow is the debut from 20-year-old New York native Mac Ayres, who grew up on Stevie Wonder in a family that wasn't musically inclined. Seems like he lucked out and hogged all the talent. Songs like “The Devil's in the Details” and “Slow ...
DEBUG:root:NUM YO : 1
INFO:root:Tuplo retrieved : 
DEBUG:root:NUM YO : 0
INFO:root:Saving in cache with pos : 4
INFO:root:Checking Tweets for : Mac Ayres
INFO:root:Tweet entries : 1/7
INFO:root:Saving in cache with pos : 2
DEBUG:root:NEWSO : 
Artist : Sam Smith
News : 
Kendrick Lamar, Sam Smith and U2 will perform at the 60th Annual Grammy Awards at New York's Madison Square Garden on Jan. 28, Billboard has learned. Lamar, who is up for seven awards including album of the year, will open the show, according to sources. Additionally, 2018 President's Merit ...
DEBUG:root:NUM YO : 2
INFO:root:Saving in cache with pos : 2
DEBUG:root:NEWSO : 
Artist : Tom Misch
News : 
The prodigious guitar solos from south Londoner Mansur Brown on second track Potential a particular highlight. Barney Artist – who records all his music at the studio – has been especially important to getting the studio off the ground, Rick said. “He is the reason we work with Tom Misch, Jordan Rakei and ...
DEBUG:root:NUM YO : 3
DEBUG:root:FINAL FURL : https://twitter.com/search?q=Mac+Ayres&src=typd
INFO:root:Saving in cache with pos : 2
DEBUG:root:NEWSO : 
Artist : Apocalyptica
News : 
APOCALYPTICA's Eicca Toppinen said this past summer that fans will have to wait until at least the end of 2018 before they hear the follow-up to the band's 2015 album, "Shadowmaker". Toppinen said: "We [are now] focus[ing] on this, touring-wise, this ['Plays Metallica By Four Cellos'] concept," he said.
DEBUG:root:NUM YO : 4
INFO:root:Tuplo retrieved : 
DEBUG:root:NUM YO : 1
INFO:root:Saving in cache with pos : 4
INFO:root:Checking Tweets for : Sam Smith
INFO:root:Tweet entries : 2/7
DEBUG:root:FINAL FURL : https://twitter.com/search?q=Sam+Smith&src=typd
INFO:root:Tuplo retrieved : 
DEBUG:root:NUM YO : 2
INFO:root:Saving in cache with pos : 4
INFO:root:Checking Tweets for : Tom Misch
INFO:root:Tweet entries : 3/7
DEBUG:root:FINAL FURL : https://twitter.com/search?q=Tom+Misch&src=typd
INFO:root:Tuplo retrieved : 
DEBUG:root:NUM YO : 3
INFO:root:Saving in cache with pos : 4
INFO:root:Checking Tweets for : Apocalyptica
INFO:root:Tweet entries : 4/7
DEBUG:root:FINAL FURL : https://twitter.com/search?q=Apocalyptica&src=typd
INFO:root:Tuplo retrieved : 
DEBUG:root:NUM YO : 4
INFO:root:Saving in cache with pos : 4
INFO:root:BUTTON PRESSED q
